{"logTime": "0424/221739", "correlationVector":"0VXJgzpRPYV7i/vAwOKJWG.1","action":"SyncServerConnectionManagerRequest", "result":"SYNC_SERVER_OK", "context":{"environment":"Prod_brazilsouth_prod-s01-034-sam-brazilsouth", "migrationStage":"NotStarted", "server":"akswtt100000007"}}
{"logTime": "0424/221739", "correlationVector":"0VXJgzpRPYV7i/vAwOKJWG.2","action":"ProcessGetUpdates", "result":"Done", "context":{"dataType":"Encryption Keys", "deleted":"0", "process_failed_to_decrypt":"0", "process_pending_decryption":"0", "process_success":"1", "total":"1"}}
{"logTime": "0424/221739", "correlationVector":"YGPjrVg8vdPeKlP/QUoVeZ","action":"SyncServerConnectionManagerRequest", "result":"SYNC_SERVER_OK", "context":{"environment":"", "migrationStage":"", "server":""}}
{"logTime": "0424/221739", "correlationVector":"YGPjrVg8vdPeKlP/QUoVeZ.0","action":"EncryptionKeysFetcher.DownloadKeys:", "result":"Success", "context":Key count: 8, Last key timestamp: 2026-01-08T13:49:29Z}
{"logTime": "0424/221739", "correlationVector":"YGPjrVg8vdPeKlP/QUoVeZ.1","action":"EncryptionKeysManager::SetEncryptionKeys:", "result":"Success", "context":Key names[8]:[V9+GmTEIVjey+QPB/yxtQ5OrItX6H24lvK7itt8IWitOsxi9aas2gIwPy47dhhF5LuYKhQaIcYdhMAwMDzCbZQ==][poUJNP3kMdayVvDQSUyB2nSK/poCNbDSxcGzQsmeE1y1Cs+ggioswG5MGA/xsc4mNZRFAUPLNIswfbmszc9q6w==][hMX80nTvW46EhBLny2aCdW3M562k+hFfNRTQ6YiHYWlecfgO1rRGeYgS9TUhQ7xtEs/YNg1P26l4m7+KzyEGqg==][F55JBqfBt5j9wl/IBro2LfQoO/cNq05dmgsfROUneIAvBvi9657lsxmiNYdnFRqIDSvLmjmZx6lC7tZDW3Lz9A==][TWBII288SAaNcKAD2fnhsDAJKpAOhKpmiskEz1nvqIYTCY8j1SAS1FLY8aW8a4lSm+Evss8917cibJJdctj/Dg==][Lsu/ymXKJXcm5kgOUGlE07wHQMxxurDdaCaa3ZbDmV70Pfjx37HxlPIkz1Ka8XlQNwqSrQ3YFf5Tq/f0mqKEBQ==][iSrehUjKuB0m1v4JcX5/+S1pITQIUJ/FTRUKXd8un3T0GATFez7cBmBkACaD76ploDvfbqg8TKTPaHZAv/FoZg==][D+SHDxxgvzF3xaaVDDgvSeswKlCZ7FRm349Z1+uzPzmUmhYIiqM0rWu6i45Pic7ap6wNXVaIN7Z0WAPIbkj5xw==]}
{"logTime": "0424/221739", "correlationVector":"YGPjrVg8vdPeKlP/QUoVeZ.2","action":"EncryptionKeysManager::SetEncryptionKeysWithTimestamps:", "result":"Success", "context":Key timestamps[8]:[2021-11-11T18:10:22Z][2022-01-20T23:19:55Z][2022-07-25T21:46:21Z][2024-04-11T22:21:54Z][2024-10-21T14:35:42Z][2024-12-10T22:31:26Z][2025-06-10T18:58:45Z][2026-01-08T13:49:29Z]}
{"logTime": "0424/221739", "correlationVector":"0VXJgzpRPYV7i/vAwOKJWG","action":"Initial GetUpdates", "result":"", "context":Reason: NEW_CLIENT. cV=0VXJgzpRPYV7i/vAwOKJWG}
{"logTime": "0424/221739", "correlationVector":"0VXJgzpRPYV7i/vAwOKJWG.3","action":"GetUpdates Response", "result":"Success", "context":Received 1 update(s). cV=0VXJgzpRPYV7i/vAwOKJWG.0;server=akswtt100000007;cloudType=Consumer;environment=Prod_brazilsouth_prod-s01-034-sam-brazilsouth;migrationStage=NotStarted}
{"logTime": "0424/221739", "correlationVector":"3m1UJl3Mke6Q6r9bVRwMAd","action":"Initial GetUpdates", "result":"", "context":Reason: NEWLY_SUPPORTED_DATATYPE. cV=3m1UJl3Mke6Q6r9bVRwMAd}
{"logTime": "0424/221740", "correlationVector":"3m1UJl3Mke6Q6r9bVRwMAd.1","action":"SyncServerConnectionManagerRequest", "result":"SYNC_SERVER_OK", "context":{"environment":"Prod_brazilsouth_prod-s01-034-sam-brazilsouth", "migrationStage":"NotStarted", "server":"akswtt10000000h"}}
{"logTime": "0424/221740", "correlationVector":"3m1UJl3Mke6Q6r9bVRwMAd.2","action":"ProcessGetUpdates", "result":"Done", "context":{"dataType":"Preferences", "deleted":"0", "process_failed_to_decrypt":"0", "process_pending_decryption":"0", "process_success":"58", "total":"58"}}
{"logTime": "0424/221740", "correlationVector":"3m1UJl3Mke6Q6r9bVRwMAd.3","action":"ProcessGetUpdates", "result":"Done", "context":{"dataType":"Passwords", "deleted":"0", "process_failed_to_decrypt":"0", "process_pending_decryption":"0", "process_success":"18", "total":"18"}}
{"logTime": "0424/221740", "correlationVector":"3m1UJl3Mke6Q6r9bVRwMAd.4","action":"ProcessGetUpdates", "result":"Done", "context":{"dataType":"Device Info", "deleted":"0", "process_failed_to_decrypt":"0", "process_pending_decryption":"0", "process_success":"3", "total":"3"}}
{"logTime": "0424/221740", "correlationVector":"3m1UJl3Mke6Q6r9bVRwMAd.5","action":"GetUpdates Response", "result":"Success", "context":Received 79 update(s). cV=3m1UJl3Mke6Q6r9bVRwMAd.0;server=akswtt10000000h;cloudType=Consumer;environment=Prod_brazilsouth_prod-s01-034-sam-brazilsouth;migrationStage=NotStarted}
{"logTime": "0424/221740", "correlationVector":"mJKczhhKXJBK/4kDPEO/Ro","action":"Initial GetUpdates", "result":"", "context":Reason: NEWLY_SUPPORTED_DATATYPE. cV=mJKczhhKXJBK/4kDPEO/Ro}
{"logTime": "0424/221740", "correlationVector":"mJKczhhKXJBK/4kDPEO/Ro.1","action":"SyncServerConnectionManagerRequest", "result":"SYNC_SERVER_OK", "context":{"environment":"Prod_brazilsouth_prod-s01-034-sam-brazilsouth", "migrationStage":"NotStarted", "server":"akswtt100000006"}}
{"logTime": "0424/221740", "correlationVector":"mJKczhhKXJBK/4kDPEO/Ro.2","action":"ProcessGetUpdates", "result":"Done", "context":{"dataType":"Bookmarks", "deleted":"0", "process_failed_to_decrypt":"0", "process_pending_decryption":"0", "process_success":"8", "total":"8"}}
{"logTime": "0424/221740", "correlationVector":"mJKczhhKXJBK/4kDPEO/Ro.3","action":"GetUpdates Response", "result":"Success", "context":Received 8 update(s). cV=mJKczhhKXJBK/4kDPEO/Ro.0;server=akswtt100000006;cloudType=Consumer;environment=Prod_brazilsouth_prod-s01-034-sam-brazilsouth;migrationStage=NotStarted}
{"logTime": "0424/221740", "correlationVector":"aZDi7OKk74qhR4ikzArNce","action":"Initial GetUpdates", "result":"", "context":Reason: NEWLY_SUPPORTED_DATATYPE. cV=aZDi7OKk74qhR4ikzArNce}
{"logTime": "0424/221740", "correlationVector":"aZDi7OKk74qhR4ikzArNce.1","action":"SyncServerConnectionManagerRequest", "result":"SYNC_SERVER_OK", "context":{"environment":"Prod_brazilsouth_prod-s01-034-sam-brazilsouth", "migrationStage":"NotStarted", "server":"akswtt100000019"}}
{"logTime": "0424/221740", "correlationVector":"aZDi7OKk74qhR4ikzArNce.2","action":"ProcessGetUpdates", "result":"Done", "context":{"dataType":"Autofill Profiles", "deleted":"0", "process_failed_to_decrypt":"0", "process_pending_decryption":"0", "process_success":"2", "total":"2"}}
{"logTime": "0424/221740", "correlationVector":"aZDi7OKk74qhR4ikzArNce.3","action":"ProcessGetUpdates", "result":"Done", "context":{"dataType":"Autofill", "deleted":"0", "process_failed_to_decrypt":"0", "process_pending_decryption":"0", "process_success":"69", "total":"69"}}
{"logTime": "0424/221740", "correlationVector":"aZDi7OKk74qhR4ikzArNce.4","action":"ProcessGetUpdates", "result":"Done", "context":{"dataType":"Sessions", "deleted":"2", "process_failed_to_decrypt":"0", "process_pending_decryption":"0", "process_success":"2", "total":"2"}}
{"logTime": "0424/221740", "correlationVector":"aZDi7OKk74qhR4ikzArNce.5","action":"ProcessGetUpdates", "result":"Done", "context":{"dataType":"Edge Hub App Usage", "deleted":"1", "process_failed_to_decrypt":"0", "process_pending_decryption":"0", "process_success":"1", "total":"1"}}
{"logTime": "0424/221740", "correlationVector":"aZDi7OKk74qhR4ikzArNce.6","action":"GetUpdates Response", "result":"Success", "context":Received 74 update(s). cV=aZDi7OKk74qhR4ikzArNce.0;server=akswtt100000019;cloudType=Consumer;environment=Prod_brazilsouth_prod-s01-034-sam-brazilsouth;migrationStage=NotStarted}
{"logTime": "0424/221740", "correlationVector":"EtNDmZSPQC1SFRfgHuX7z0","action":"Initial GetUpdates", "result":"", "context":Reason: NEWLY_SUPPORTED_DATATYPE. cV=EtNDmZSPQC1SFRfgHuX7z0}
{"logTime": "0424/221740", "correlationVector":"EtNDmZSPQC1SFRfgHuX7z0.1","action":"SyncServerConnectionManagerRequest", "result":"SYNC_SERVER_OK", "context":{"environment":"Prod_brazilsouth_prod-s01-034-sam-brazilsouth", "migrationStage":"NotStarted", "server":"akswtt10000000h"}}
{"logTime": "0424/221740", "correlationVector":"EtNDmZSPQC1SFRfgHuX7z0.2","action":"GetUpdates Response", "result":"Success", "context":Received 0 update(s). cV=EtNDmZSPQC1SFRfgHuX7z0.0;server=akswtt10000000h;cloudType=Consumer;environment=Prod_brazilsouth_prod-s01-034-sam-brazilsouth;migrationStage=NotStarted}
{"logTime": "0424/221740", "correlationVector":"XI/OZ+0jR+FFUkbLXM47FW","action":"Normal GetUpdate request", "result":"", "context":cV=XI/OZ+0jR+FFUkbLXM47FW
Nudged types: Preferences, Sessions, Device Info, User Consents
Refresh requested types: Bookmarks, Preferences, Passwords, Autofill Profiles, Autofill, Extensions, Sessions, Extension settings, History Delete Directives, Device Info, User Consents, Send Tab To Self, Web Apps, History, Saved Tab Group, WebAuthn Credentials, Collection, Edge E Drop, Edge Hub App Usage, Edge Wallet, Edge Workspace, Encryption Keys}
{"logTime": "0424/221740", "correlationVector":"XI/OZ+0jR+FFUkbLXM47FW.1","action":"SyncServerConnectionManagerRequest", "result":"SYNC_SERVER_OK", "context":{"environment":"Prod_brazilsouth_prod-s01-034-sam-brazilsouth", "migrationStage":"NotStarted", "server":"akswtt10000000h"}}
{"logTime": "0424/221740", "correlationVector":"XI/OZ+0jR+FFUkbLXM47FW.2","action":"GetUpdates Response", "result":"Success", "context":Received 0 update(s). cV=XI/OZ+0jR+FFUkbLXM47FW.0;server=akswtt10000000h;cloudType=Consumer;environment=Prod_brazilsouth_prod-s01-034-sam-brazilsouth;migrationStage=NotStarted}
{"logTime": "0424/221740", "correlationVector":"wxhyN0BJYMeetKAtVGH7M5","action":"Commit Request", "result":"", "context":Item count: 8
Contributing types: Preferences, Sessions, Device Info, User Consents}
{"logTime": "0424/221741", "correlationVector":"wxhyN0BJYMeetKAtVGH7M5.1","action":"SyncServerConnectionManagerRequest", "result":"SYNC_SERVER_OK", "context":{"environment":"Prod_brazilsouth_prod-s01-034-sam-brazilsouth", "migrationStage":"NotStarted", "server":"akswtt100000002"}}
{"logTime": "0424/221741", "correlationVector":"wxhyN0BJYMeetKAtVGH7M5.2","action":"Commit Response", "result":"Success", "context":Result: Success. cV=wxhyN0BJYMeetKAtVGH7M5.0;server=akswtt100000002;cloudType=Consumer;environment=Prod_brazilsouth_prod-s01-034-sam-brazilsouth;migrationStage=NotStarted}
{"logTime": "0424/221741", "correlationVector":"tCh2BtmsobRX+l3MaOaHDU","action":"Commit Request", "result":"", "context":Item count: 1
Contributing types: Sessions}
{"logTime": "0424/221742", "correlationVector":"tCh2BtmsobRX+l3MaOaHDU","action":"SyncServerConnectionManagerRequest", "result":"CONNECTION_UNAVAILABLE", "context":{"error_type":"net_error_code", "error_value":"-3"}}
